Importer Log Report
Project : UCI EPS 2021-22 Draft 1.PrjPcb

Section : Analyze Document - C:\Users\Erick-School\Desktop\Obsidian Knowledge\Engineering\UCI\UCI CubeSat\EPS Design Files-20231013T040814Z-001\EPS Design Files\Power EPS EAGLE files - 9-1-2021\Power EPS EAGLE files - 9-1-2021\eagle library\0878311020.lbr
    Analyzing data of C:\Users\Erick-School\Desktop\Obsidian Knowledge\Engineering\UCI\UCI CubeSat\EPS Design Files-20231013T040814Z-001\EPS Design Files\Power EPS EAGLE files - 9-1-2021\Power EPS EAGLE files - 9-1-2021\eagle library\0878311020.lbr
    Load settings
    Load layers 46
    Load library
    Load Library library
    Load Library ""
    Load Packages 1
    Load Symbols 1
    Load DeviceSets 1
EndSection

Section : Analyze Document - C:\Users\Erick-School\Desktop\Obsidian Knowledge\Engineering\UCI\UCI CubeSat\EPS Design Files-20231013T040814Z-001\EPS Design Files\Power EPS EAGLE files - 9-1-2021\Power EPS EAGLE files - 9-1-2021\eagle library\18650 battery.lbr
    Analyzing data of C:\Users\Erick-School\Desktop\Obsidian Knowledge\Engineering\UCI\UCI CubeSat\EPS Design Files-20231013T040814Z-001\EPS Design Files\Power EPS EAGLE files - 9-1-2021\Power EPS EAGLE files - 9-1-2021\eagle library\18650 battery.lbr
    Load settings
    Load layers 48
    Load library
    Load Library library
    Load Library ""
    Load Packages 111
    Load Symbols 107
    Load DeviceSets 107
EndSection

Section : Analyze Document - C:\Users\Erick-School\Desktop\Obsidian Knowledge\Engineering\UCI\UCI CubeSat\EPS Design Files-20231013T040814Z-001\EPS Design Files\Power EPS EAGLE files - 9-1-2021\Power EPS EAGLE files - 9-1-2021\eagle library\4 pin header replace.lbr
    Analyzing data of C:\Users\Erick-School\Desktop\Obsidian Knowledge\Engineering\UCI\UCI CubeSat\EPS Design Files-20231013T040814Z-001\EPS Design Files\Power EPS EAGLE files - 9-1-2021\Power EPS EAGLE files - 9-1-2021\eagle library\4 pin header replace.lbr
    Load settings
    Load layers 46
    Load library
    Load Library library
    Load Library ""
    Load Packages 1
    Load Symbols 1
    Load DeviceSets 1
EndSection

Section : Analyze Document - C:\Users\Erick-School\Desktop\Obsidian Knowledge\Engineering\UCI\UCI CubeSat\EPS Design Files-20231013T040814Z-001\EPS Design Files\Power EPS EAGLE files - 9-1-2021\Power EPS EAGLE files - 9-1-2021\eagle library\64800811622 Header 8 replace.lbr
    Analyzing data of C:\Users\Erick-School\Desktop\Obsidian Knowledge\Engineering\UCI\UCI CubeSat\EPS Design Files-20231013T040814Z-001\EPS Design Files\Power EPS EAGLE files - 9-1-2021\Power EPS EAGLE files - 9-1-2021\eagle library\64800811622 Header 8 replace.lbr
    Load settings
    Load layers 46
    Load library
    Load Library library
    Load Library ""
    Load Packages 1
    Load Symbols 1
    Load DeviceSets 1
EndSection

Section : Analyze Document - C:\Users\Erick-School\Desktop\Obsidian Knowledge\Engineering\UCI\UCI CubeSat\EPS Design Files-20231013T040814Z-001\EPS Design Files\Power EPS EAGLE files - 9-1-2021\Power EPS EAGLE files - 9-1-2021\eagle library\744777004.lbr
    Analyzing data of C:\Users\Erick-School\Desktop\Obsidian Knowledge\Engineering\UCI\UCI CubeSat\EPS Design Files-20231013T040814Z-001\EPS Design Files\Power EPS EAGLE files - 9-1-2021\Power EPS EAGLE files - 9-1-2021\eagle library\744777004.lbr
    Load settings
    Load layers 48
    Load library
    Load Library library
    Load Library ""
    Load Packages 3
    Load Symbols 1
    Load DeviceSets 1
EndSection

Section : Analyze Document - C:\Users\Erick-School\Desktop\Obsidian Knowledge\Engineering\UCI\UCI CubeSat\EPS Design Files-20231013T040814Z-001\EPS Design Files\Power EPS EAGLE files - 9-1-2021\Power EPS EAGLE files - 9-1-2021\eagle library\AC214 zenzer diode replace.lbr
    Analyzing data of C:\Users\Erick-School\Desktop\Obsidian Knowledge\Engineering\UCI\UCI CubeSat\EPS Design Files-20231013T040814Z-001\EPS Design Files\Power EPS EAGLE files - 9-1-2021\Power EPS EAGLE files - 9-1-2021\eagle library\AC214 zenzer diode replace.lbr
    Load settings
    Load layers 46
    Load library
    Load Library library
    Load Library ""
    Load Packages 1
    Load Symbols 1
    Load DeviceSets 1
EndSection

Section : Analyze Document - C:\Users\Erick-School\Desktop\Obsidian Knowledge\Engineering\UCI\UCI CubeSat\EPS Design Files-20231013T040814Z-001\EPS Design Files\Power EPS EAGLE files - 9-1-2021\Power EPS EAGLE files - 9-1-2021\eagle library\B82464G4333M.lbr
    Analyzing data of C:\Users\Erick-School\Desktop\Obsidian Knowledge\Engineering\UCI\UCI CubeSat\EPS Design Files-20231013T040814Z-001\EPS Design Files\Power EPS EAGLE files - 9-1-2021\Power EPS EAGLE files - 9-1-2021\eagle library\B82464G4333M.lbr
    Load settings
    Load layers 48
    Load library
    Load Library library
    Load Library ""
    Load Packages 1
    Load Symbols 2
    Load DeviceSets 1
EndSection

Section : Analyze Document - C:\Users\Erick-School\Desktop\Obsidian Knowledge\Engineering\UCI\UCI CubeSat\EPS Design Files-20231013T040814Z-001\EPS Design Files\Power EPS EAGLE files - 9-1-2021\Power EPS EAGLE files - 9-1-2021\eagle library\BM10B-GHS-TBT_LF__SN__N_.lbr
    Analyzing data of C:\Users\Erick-School\Desktop\Obsidian Knowledge\Engineering\UCI\UCI CubeSat\EPS Design Files-20231013T040814Z-001\EPS Design Files\Power EPS EAGLE files - 9-1-2021\Power EPS EAGLE files - 9-1-2021\eagle library\BM10B-GHS-TBT_LF__SN__N_.lbr
    Load settings
    Load layers 46
    Load library
    Load Library library
    Load Library ""
    Load Packages 1
    Load Symbols 1
    Load DeviceSets 1
EndSection

Section : Analyze Document - C:\Users\Erick-School\Desktop\Obsidian Knowledge\Engineering\UCI\UCI CubeSat\EPS Design Files-20231013T040814Z-001\EPS Design Files\Power EPS EAGLE files - 9-1-2021\Power EPS EAGLE files - 9-1-2021\eagle library\BZG03C15TR3.lbr
    Analyzing data of C:\Users\Erick-School\Desktop\Obsidian Knowledge\Engineering\UCI\UCI CubeSat\EPS Design Files-20231013T040814Z-001\EPS Design Files\Power EPS EAGLE files - 9-1-2021\Power EPS EAGLE files - 9-1-2021\eagle library\BZG03C15TR3.lbr
    Load settings
    Load layers 46
    Load library
    Load Library library
    Load Library ""
    Load Packages 1
    Load Symbols 1
    Load DeviceSets 1
EndSection

Section : Analyze Document - C:\Users\Erick-School\Desktop\Obsidian Knowledge\Engineering\UCI\UCI CubeSat\EPS Design Files-20231013T040814Z-001\EPS Design Files\Power EPS EAGLE files - 9-1-2021\Power EPS EAGLE files - 9-1-2021\eagle library\Cap 0.1uf.lbr
    Analyzing data of C:\Users\Erick-School\Desktop\Obsidian Knowledge\Engineering\UCI\UCI CubeSat\EPS Design Files-20231013T040814Z-001\EPS Design Files\Power EPS EAGLE files - 9-1-2021\Power EPS EAGLE files - 9-1-2021\eagle library\Cap 0.1uf.lbr
    Load settings
    Load layers 48
    Load library
    Load Library library
    Load Library ""
    Load Packages 3
    Load Symbols 2
    Load DeviceSets 1
EndSection

Section : Analyze Document - C:\Users\Erick-School\Desktop\Obsidian Knowledge\Engineering\UCI\UCI CubeSat\EPS Design Files-20231013T040814Z-001\EPS Design Files\Power EPS EAGLE files - 9-1-2021\Power EPS EAGLE files - 9-1-2021\eagle library\Cap 100p.lbr
    Analyzing data of C:\Users\Erick-School\Desktop\Obsidian Knowledge\Engineering\UCI\UCI CubeSat\EPS Design Files-20231013T040814Z-001\EPS Design Files\Power EPS EAGLE files - 9-1-2021\Power EPS EAGLE files - 9-1-2021\eagle library\Cap 100p.lbr
    Load settings
    Load layers 46
    Load library
    Load Library library
    Load Library ""
    Load Packages 1
    Load Symbols 1
    Load DeviceSets 1
EndSection

Section : Analyze Document - C:\Users\Erick-School\Desktop\Obsidian Knowledge\Engineering\UCI\UCI CubeSat\EPS Design Files-20231013T040814Z-001\EPS Design Files\Power EPS EAGLE files - 9-1-2021\Power EPS EAGLE files - 9-1-2021\eagle library\Cap 100uf 16v.lbr
    Analyzing data of C:\Users\Erick-School\Desktop\Obsidian Knowledge\Engineering\UCI\UCI CubeSat\EPS Design Files-20231013T040814Z-001\EPS Design Files\Power EPS EAGLE files - 9-1-2021\Power EPS EAGLE files - 9-1-2021\eagle library\Cap 100uf 16v.lbr
    Load settings
    Load layers 46
    Load library
    Load Library library
    Load Library ""
    Load Packages 1
    Load Symbols 1
    Load DeviceSets 1
EndSection

Section : Analyze Document - C:\Users\Erick-School\Desktop\Obsidian Knowledge\Engineering\UCI\UCI CubeSat\EPS Design Files-20231013T040814Z-001\EPS Design Files\Power EPS EAGLE files - 9-1-2021\Power EPS EAGLE files - 9-1-2021\eagle library\Cap 100uf 6.3v.lbr
    Analyzing data of C:\Users\Erick-School\Desktop\Obsidian Knowledge\Engineering\UCI\UCI CubeSat\EPS Design Files-20231013T040814Z-001\EPS Design Files\Power EPS EAGLE files - 9-1-2021\Power EPS EAGLE files - 9-1-2021\eagle library\Cap 100uf 6.3v.lbr
    Load settings
    Load layers 48
    Load library
    Load Library library
    Load Library ""
    Load Packages 3
    Load Symbols 2
    Load DeviceSets 1
EndSection

Section : Analyze Document - C:\Users\Erick-School\Desktop\Obsidian Knowledge\Engineering\UCI\UCI CubeSat\EPS Design Files-20231013T040814Z-001\EPS Design Files\Power EPS EAGLE files - 9-1-2021\Power EPS EAGLE files - 9-1-2021\eagle library\Cap 10uf.lbr
    Analyzing data of C:\Users\Erick-School\Desktop\Obsidian Knowledge\Engineering\UCI\UCI CubeSat\EPS Design Files-20231013T040814Z-001\EPS Design Files\Power EPS EAGLE files - 9-1-2021\Power EPS EAGLE files - 9-1-2021\eagle library\Cap 10uf.lbr
    Load settings
    Load layers 46
    Load library
    Load Library library
    Load Library ""
    Load Packages 1
    Load Symbols 1
    Load DeviceSets 1
EndSection

Section : Analyze Document - C:\Users\Erick-School\Desktop\Obsidian Knowledge\Engineering\UCI\UCI CubeSat\EPS Design Files-20231013T040814Z-001\EPS Design Files\Power EPS EAGLE files - 9-1-2021\Power EPS EAGLE files - 9-1-2021\eagle library\Cap 1uf.lbr
    Analyzing data of C:\Users\Erick-School\Desktop\Obsidian Knowledge\Engineering\UCI\UCI CubeSat\EPS Design Files-20231013T040814Z-001\EPS Design Files\Power EPS EAGLE files - 9-1-2021\Power EPS EAGLE files - 9-1-2021\eagle library\Cap 1uf.lbr
    Load settings
    Load layers 48
    Load library
    Load Library library
    Load Library ""
    Load Packages 3
    Load Symbols 2
    Load DeviceSets 1
EndSection

Section : Analyze Document - C:\Users\Erick-School\Desktop\Obsidian Knowledge\Engineering\UCI\UCI CubeSat\EPS Design Files-20231013T040814Z-001\EPS Design Files\Power EPS EAGLE files - 9-1-2021\Power EPS EAGLE files - 9-1-2021\eagle library\FDFS6N548.lbr
    Analyzing data of C:\Users\Erick-School\Desktop\Obsidian Knowledge\Engineering\UCI\UCI CubeSat\EPS Design Files-20231013T040814Z-001\EPS Design Files\Power EPS EAGLE files - 9-1-2021\Power EPS EAGLE files - 9-1-2021\eagle library\FDFS6N548.lbr
    Load settings
    Load layers 46
    Load library
    Load Library library
    Load Library ""
    Load Packages 1
    Load Symbols 1
    Load DeviceSets 1
EndSection

Section : Analyze Document - C:\Users\Erick-School\Desktop\Obsidian Knowledge\Engineering\UCI\UCI CubeSat\EPS Design Files-20231013T040814Z-001\EPS Design Files\Power EPS EAGLE files - 9-1-2021\Power EPS EAGLE files - 9-1-2021\eagle library\FDV305N.lbr
    Analyzing data of C:\Users\Erick-School\Desktop\Obsidian Knowledge\Engineering\UCI\UCI CubeSat\EPS Design Files-20231013T040814Z-001\EPS Design Files\Power EPS EAGLE files - 9-1-2021\Power EPS EAGLE files - 9-1-2021\eagle library\FDV305N.lbr
    Load settings
    Load layers 46
    Load library
    Load Library library
    Load Library ""
    Load Packages 1
    Load Symbols 1
    Load DeviceSets 1
EndSection

Section : Analyze Document - C:\Users\Erick-School\Desktop\Obsidian Knowledge\Engineering\UCI\UCI CubeSat\EPS Design Files-20231013T040814Z-001\EPS Design Files\Power EPS EAGLE files - 9-1-2021\Power EPS EAGLE files - 9-1-2021\eagle library\header 2.lbr
    Analyzing data of C:\Users\Erick-School\Desktop\Obsidian Knowledge\Engineering\UCI\UCI CubeSat\EPS Design Files-20231013T040814Z-001\EPS Design Files\Power EPS EAGLE files - 9-1-2021\Power EPS EAGLE files - 9-1-2021\eagle library\header 2.lbr
    Load settings
    Load layers 46
    Load library
    Load Library library
    Load Library ""
    Load Packages 1
    Load Symbols 1
    Load DeviceSets 1
EndSection

Section : Analyze Document - C:\Users\Erick-School\Desktop\Obsidian Knowledge\Engineering\UCI\UCI CubeSat\EPS Design Files-20231013T040814Z-001\EPS Design Files\Power EPS EAGLE files - 9-1-2021\Power EPS EAGLE files - 9-1-2021\eagle library\header 3.lbr
    Analyzing data of C:\Users\Erick-School\Desktop\Obsidian Knowledge\Engineering\UCI\UCI CubeSat\EPS Design Files-20231013T040814Z-001\EPS Design Files\Power EPS EAGLE files - 9-1-2021\Power EPS EAGLE files - 9-1-2021\eagle library\header 3.lbr
    Load settings
    Load layers 46
    Load library
    Load Library library
    Load Library ""
    Load Packages 1
    Load Symbols 1
    Load DeviceSets 1
EndSection

Section : Analyze Document - C:\Users\Erick-School\Desktop\Obsidian Knowledge\Engineering\UCI\UCI CubeSat\EPS Design Files-20231013T040814Z-001\EPS Design Files\Power EPS EAGLE files - 9-1-2021\Power EPS EAGLE files - 9-1-2021\eagle library\INA139NA_250.lbr
    Analyzing data of C:\Users\Erick-School\Desktop\Obsidian Knowledge\Engineering\UCI\UCI CubeSat\EPS Design Files-20231013T040814Z-001\EPS Design Files\Power EPS EAGLE files - 9-1-2021\Power EPS EAGLE files - 9-1-2021\eagle library\INA139NA_250.lbr
    Load settings
    Load layers 46
    Load library
    Load Library library
    Load Library ""
    Load Packages 1
    Load Symbols 1
    Load DeviceSets 1
EndSection

Section : Analyze Document - C:\Users\Erick-School\Desktop\Obsidian Knowledge\Engineering\UCI\UCI CubeSat\EPS Design Files-20231013T040814Z-001\EPS Design Files\Power EPS EAGLE files - 9-1-2021\Power EPS EAGLE files - 9-1-2021\eagle library\Jumper.lbr
    Analyzing data of C:\Users\Erick-School\Desktop\Obsidian Knowledge\Engineering\UCI\UCI CubeSat\EPS Design Files-20231013T040814Z-001\EPS Design Files\Power EPS EAGLE files - 9-1-2021\Power EPS EAGLE files - 9-1-2021\eagle library\Jumper.lbr
    Load settings
    Load layers 46
    Load library
    Load Library library
    Load Library ""
    Load Packages 1
    Load Symbols 1
    Load DeviceSets 1
EndSection

Section : Analyze Document - C:\Users\Erick-School\Desktop\Obsidian Knowledge\Engineering\UCI\UCI CubeSat\EPS Design Files-20231013T040814Z-001\EPS Design Files\Power EPS EAGLE files - 9-1-2021\Power EPS EAGLE files - 9-1-2021\eagle library\MCP1416T-E_OT.lbr
    Analyzing data of C:\Users\Erick-School\Desktop\Obsidian Knowledge\Engineering\UCI\UCI CubeSat\EPS Design Files-20231013T040814Z-001\EPS Design Files\Power EPS EAGLE files - 9-1-2021\Power EPS EAGLE files - 9-1-2021\eagle library\MCP1416T-E_OT.lbr
    Load settings
    Load layers 46
    Load library
    Load Library library
    Load Library ""
    Load Packages 1
    Load Symbols 1
    Load DeviceSets 1
EndSection

Section : Analyze Document - C:\Users\Erick-School\Desktop\Obsidian Knowledge\Engineering\UCI\UCI CubeSat\EPS Design Files-20231013T040814Z-001\EPS Design Files\Power EPS EAGLE files - 9-1-2021\Power EPS EAGLE files - 9-1-2021\eagle library\Molex Picolock 4pos.lbr
    Analyzing data of C:\Users\Erick-School\Desktop\Obsidian Knowledge\Engineering\UCI\UCI CubeSat\EPS Design Files-20231013T040814Z-001\EPS Design Files\Power EPS EAGLE files - 9-1-2021\Power EPS EAGLE files - 9-1-2021\eagle library\Molex Picolock 4pos.lbr
    Load settings
    Load layers 46
    Load library
    Load Library library
    Load Library ""
    Load Packages 1
    Load Symbols 1
    Load DeviceSets 1
EndSection

Section : Analyze Document - C:\Users\Erick-School\Desktop\Obsidian Knowledge\Engineering\UCI\UCI CubeSat\EPS Design Files-20231013T040814Z-001\EPS Design Files\Power EPS EAGLE files - 9-1-2021\Power EPS EAGLE files - 9-1-2021\eagle library\MOSFET-P.lbr
    Analyzing data of C:\Users\Erick-School\Desktop\Obsidian Knowledge\Engineering\UCI\UCI CubeSat\EPS Design Files-20231013T040814Z-001\EPS Design Files\Power EPS EAGLE files - 9-1-2021\Power EPS EAGLE files - 9-1-2021\eagle library\MOSFET-P.lbr
    Load settings
    Load layers 46
    Load library
    Load Library library
    Load Library ""
    Load Packages 1
    Load Symbols 1
    Load DeviceSets 1
EndSection

Section : Analyze Document - C:\Users\Erick-School\Desktop\Obsidian Knowledge\Engineering\UCI\UCI CubeSat\EPS Design Files-20231013T040814Z-001\EPS Design Files\Power EPS EAGLE files - 9-1-2021\Power EPS EAGLE files - 9-1-2021\eagle library\PMEG2005AEA_115.lbr
    Analyzing data of C:\Users\Erick-School\Desktop\Obsidian Knowledge\Engineering\UCI\UCI CubeSat\EPS Design Files-20231013T040814Z-001\EPS Design Files\Power EPS EAGLE files - 9-1-2021\Power EPS EAGLE files - 9-1-2021\eagle library\PMEG2005AEA_115.lbr
    Load settings
    Load layers 46
    Load library
    Load Library library
    Load Library ""
    Load Packages 1
    Load Symbols 1
    Load DeviceSets 1
EndSection

Section : Analyze Document - C:\Users\Erick-School\Desktop\Obsidian Knowledge\Engineering\UCI\UCI CubeSat\EPS Design Files-20231013T040814Z-001\EPS Design Files\Power EPS EAGLE files - 9-1-2021\Power EPS EAGLE files - 9-1-2021\eagle library\PMEG6030EVPX.lbr
    Analyzing data of C:\Users\Erick-School\Desktop\Obsidian Knowledge\Engineering\UCI\UCI CubeSat\EPS Design Files-20231013T040814Z-001\EPS Design Files\Power EPS EAGLE files - 9-1-2021\Power EPS EAGLE files - 9-1-2021\eagle library\PMEG6030EVPX.lbr
    Load settings
    Load layers 46
    Load library
    Load Library library
    Load Library ""
    Load Packages 1
    Load Symbols 1
    Load DeviceSets 1
EndSection

Section : Analyze Document - C:\Users\Erick-School\Desktop\Obsidian Knowledge\Engineering\UCI\UCI CubeSat\EPS Design Files-20231013T040814Z-001\EPS Design Files\Power EPS EAGLE files - 9-1-2021\Power EPS EAGLE files - 9-1-2021\eagle library\Res1 0.05.lbr
    Analyzing data of C:\Users\Erick-School\Desktop\Obsidian Knowledge\Engineering\UCI\UCI CubeSat\EPS Design Files-20231013T040814Z-001\EPS Design Files\Power EPS EAGLE files - 9-1-2021\Power EPS EAGLE files - 9-1-2021\eagle library\Res1 0.05.lbr
    Load settings
    Load layers 46
    Load library
    Load Library library
    Load Library ""
    Load Packages 1
    Load Symbols 1
    Load DeviceSets 1
EndSection

Section : Analyze Document - C:\Users\Erick-School\Desktop\Obsidian Knowledge\Engineering\UCI\UCI CubeSat\EPS Design Files-20231013T040814Z-001\EPS Design Files\Power EPS EAGLE files - 9-1-2021\Power EPS EAGLE files - 9-1-2021\eagle library\Res1 10k.lbr
    Analyzing data of C:\Users\Erick-School\Desktop\Obsidian Knowledge\Engineering\UCI\UCI CubeSat\EPS Design Files-20231013T040814Z-001\EPS Design Files\Power EPS EAGLE files - 9-1-2021\Power EPS EAGLE files - 9-1-2021\eagle library\Res1 10k.lbr
    Load settings
    Load layers 46
    Load library
    Load Library library
    Load Library ""
    Load Packages 1
    Load Symbols 1
    Load DeviceSets 1
EndSection

Section : Analyze Document - C:\Users\Erick-School\Desktop\Obsidian Knowledge\Engineering\UCI\UCI CubeSat\EPS Design Files-20231013T040814Z-001\EPS Design Files\Power EPS EAGLE files - 9-1-2021\Power EPS EAGLE files - 9-1-2021\eagle library\Res1 1k.lbr
    Analyzing data of C:\Users\Erick-School\Desktop\Obsidian Knowledge\Engineering\UCI\UCI CubeSat\EPS Design Files-20231013T040814Z-001\EPS Design Files\Power EPS EAGLE files - 9-1-2021\Power EPS EAGLE files - 9-1-2021\eagle library\Res1 1k.lbr
    Load settings
    Load layers 46
    Load library
    Load Library library
    Load Library ""
    Load Packages 1
    Load Symbols 1
    Load DeviceSets 1
EndSection

Section : Analyze Document - C:\Users\Erick-School\Desktop\Obsidian Knowledge\Engineering\UCI\UCI CubeSat\EPS Design Files-20231013T040814Z-001\EPS Design Files\Power EPS EAGLE files - 9-1-2021\Power EPS EAGLE files - 9-1-2021\eagle library\Res1 2k.lbr
    Analyzing data of C:\Users\Erick-School\Desktop\Obsidian Knowledge\Engineering\UCI\UCI CubeSat\EPS Design Files-20231013T040814Z-001\EPS Design Files\Power EPS EAGLE files - 9-1-2021\Power EPS EAGLE files - 9-1-2021\eagle library\Res1 2k.lbr
    Load settings
    Load layers 46
    Load library
    Load Library library
    Load Library ""
    Load Packages 1
    Load Symbols 1
    Load DeviceSets 1
EndSection

Section : Analyze Document - C:\Users\Erick-School\Desktop\Obsidian Knowledge\Engineering\UCI\UCI CubeSat\EPS Design Files-20231013T040814Z-001\EPS Design Files\Power EPS EAGLE files - 9-1-2021\Power EPS EAGLE files - 9-1-2021\eagle library\Res1 51k.lbr
    Analyzing data of C:\Users\Erick-School\Desktop\Obsidian Knowledge\Engineering\UCI\UCI CubeSat\EPS Design Files-20231013T040814Z-001\EPS Design Files\Power EPS EAGLE files - 9-1-2021\Power EPS EAGLE files - 9-1-2021\eagle library\Res1 51k.lbr
    Load settings
    Load layers 46
    Load library
    Load Library library
    Load Library ""
    Load Packages 1
    Load Symbols 1
    Load DeviceSets 1
EndSection

Section : Analyze Document - C:\Users\Erick-School\Desktop\Obsidian Knowledge\Engineering\UCI\UCI CubeSat\EPS Design Files-20231013T040814Z-001\EPS Design Files\Power EPS EAGLE files - 9-1-2021\Power EPS EAGLE files - 9-1-2021\eagle library\Res1 56k.lbr
    Analyzing data of C:\Users\Erick-School\Desktop\Obsidian Knowledge\Engineering\UCI\UCI CubeSat\EPS Design Files-20231013T040814Z-001\EPS Design Files\Power EPS EAGLE files - 9-1-2021\Power EPS EAGLE files - 9-1-2021\eagle library\Res1 56k.lbr
    Load settings
    Load layers 46
    Load library
    Load Library library
    Load Library ""
    Load Packages 1
    Load Symbols 1
    Load DeviceSets 1
EndSection

Section : Analyze Document - C:\Users\Erick-School\Desktop\Obsidian Knowledge\Engineering\UCI\UCI CubeSat\EPS Design Files-20231013T040814Z-001\EPS Design Files\Power EPS EAGLE files - 9-1-2021\Power EPS EAGLE files - 9-1-2021\eagle library\Res1 73.2k.lbr
    Analyzing data of C:\Users\Erick-School\Desktop\Obsidian Knowledge\Engineering\UCI\UCI CubeSat\EPS Design Files-20231013T040814Z-001\EPS Design Files\Power EPS EAGLE files - 9-1-2021\Power EPS EAGLE files - 9-1-2021\eagle library\Res1 73.2k.lbr
    Load settings
    Load layers 46
    Load library
    Load Library library
    Load Library ""
    Load Packages 1
    Load Symbols 1
    Load DeviceSets 1
EndSection

Section : Analyze Document - C:\Users\Erick-School\Desktop\Obsidian Knowledge\Engineering\UCI\UCI CubeSat\EPS Design Files-20231013T040814Z-001\EPS Design Files\Power EPS EAGLE files - 9-1-2021\Power EPS EAGLE files - 9-1-2021\eagle library\Res1-124k.lbr
    Analyzing data of C:\Users\Erick-School\Desktop\Obsidian Knowledge\Engineering\UCI\UCI CubeSat\EPS Design Files-20231013T040814Z-001\EPS Design Files\Power EPS EAGLE files - 9-1-2021\Power EPS EAGLE files - 9-1-2021\eagle library\Res1-124k.lbr
    Load settings
    Load layers 46
    Load library
    Load Library library
    Load Library ""
    Load Packages 1
    Load Symbols 1
    Load DeviceSets 1
EndSection

Section : Analyze Document - C:\Users\Erick-School\Desktop\Obsidian Knowledge\Engineering\UCI\UCI CubeSat\EPS Design Files-20231013T040814Z-001\EPS Design Files\Power EPS EAGLE files - 9-1-2021\Power EPS EAGLE files - 9-1-2021\eagle library\Res1-2.7.lbr
    Analyzing data of C:\Users\Erick-School\Desktop\Obsidian Knowledge\Engineering\UCI\UCI CubeSat\EPS Design Files-20231013T040814Z-001\EPS Design Files\Power EPS EAGLE files - 9-1-2021\Power EPS EAGLE files - 9-1-2021\eagle library\Res1-2.7.lbr
    Load settings
    Load layers 46
    Load library
    Load Library library
    Load Library ""
    Load Packages 1
    Load Symbols 1
    Load DeviceSets 1
EndSection

Section : Analyze Document - C:\Users\Erick-School\Desktop\Obsidian Knowledge\Engineering\UCI\UCI CubeSat\EPS Design Files-20231013T040814Z-001\EPS Design Files\Power EPS EAGLE files - 9-1-2021\Power EPS EAGLE files - 9-1-2021\eagle library\Res1-22.1k.lbr
    Analyzing data of C:\Users\Erick-School\Desktop\Obsidian Knowledge\Engineering\UCI\UCI CubeSat\EPS Design Files-20231013T040814Z-001\EPS Design Files\Power EPS EAGLE files - 9-1-2021\Power EPS EAGLE files - 9-1-2021\eagle library\Res1-22.1k.lbr
    Load settings
    Load layers 46
    Load library
    Load Library library
    Load Library ""
    Load Packages 1
    Load Symbols 1
    Load DeviceSets 1
EndSection

Section : Analyze Document - C:\Users\Erick-School\Desktop\Obsidian Knowledge\Engineering\UCI\UCI CubeSat\EPS Design Files-20231013T040814Z-001\EPS Design Files\Power EPS EAGLE files - 9-1-2021\Power EPS EAGLE files - 9-1-2021\eagle library\SRU8043-220Y.lbr
    Analyzing data of C:\Users\Erick-School\Desktop\Obsidian Knowledge\Engineering\UCI\UCI CubeSat\EPS Design Files-20231013T040814Z-001\EPS Design Files\Power EPS EAGLE files - 9-1-2021\Power EPS EAGLE files - 9-1-2021\eagle library\SRU8043-220Y.lbr
    Load settings
    Load layers 46
    Load library
    Load Library library
    Load Library ""
    Load Packages 1
    Load Symbols 1
    Load DeviceSets 1
EndSection

Section : Analyze Document - C:\Users\Erick-School\Desktop\Obsidian Knowledge\Engineering\UCI\UCI CubeSat\EPS Design Files-20231013T040814Z-001\EPS Design Files\Power EPS EAGLE files - 9-1-2021\Power EPS EAGLE files - 9-1-2021\eagle library\STM32L152R6T6 replace.lbr
    Analyzing data of C:\Users\Erick-School\Desktop\Obsidian Knowledge\Engineering\UCI\UCI CubeSat\EPS Design Files-20231013T040814Z-001\EPS Design Files\Power EPS EAGLE files - 9-1-2021\Power EPS EAGLE files - 9-1-2021\eagle library\STM32L152R6T6 replace.lbr
    Load settings
    Load layers 46
    Load library
    Load Library library
    Load Library ""
    Load Packages 1
    Load Symbols 1
    Load DeviceSets 1
EndSection

Section : Analyze Document - C:\Users\Erick-School\Desktop\Obsidian Knowledge\Engineering\UCI\UCI CubeSat\EPS Design Files-20231013T040814Z-001\EPS Design Files\Power EPS EAGLE files - 9-1-2021\Power EPS EAGLE files - 9-1-2021\eagle library\TC74A0-5.0VCTTR.lbr
    Analyzing data of C:\Users\Erick-School\Desktop\Obsidian Knowledge\Engineering\UCI\UCI CubeSat\EPS Design Files-20231013T040814Z-001\EPS Design Files\Power EPS EAGLE files - 9-1-2021\Power EPS EAGLE files - 9-1-2021\eagle library\TC74A0-5.0VCTTR.lbr
    Load settings
    Load layers 46
    Load library
    Load Library library
    Load Library ""
    Load Packages 1
    Load Symbols 1
    Load DeviceSets 1
EndSection

Section : Analyze Document - C:\Users\Erick-School\Desktop\Obsidian Knowledge\Engineering\UCI\UCI CubeSat\EPS Design Files-20231013T040814Z-001\EPS Design Files\Power EPS EAGLE files - 9-1-2021\Power EPS EAGLE files - 9-1-2021\eagle library\TPS54331GDR.lbr
    Analyzing data of C:\Users\Erick-School\Desktop\Obsidian Knowledge\Engineering\UCI\UCI CubeSat\EPS Design Files-20231013T040814Z-001\EPS Design Files\Power EPS EAGLE files - 9-1-2021\Power EPS EAGLE files - 9-1-2021\eagle library\TPS54331GDR.lbr
    Load settings
    Load layers 46
    Load library
    Load Library library
    Load Library ""
    Load Packages 1
    Load Symbols 1
    Load DeviceSets 1
EndSection

Section : Analyze Document - C:\Users\Erick-School\Desktop\Obsidian Knowledge\Engineering\UCI\UCI CubeSat\EPS Design Files-20231013T040814Z-001\EPS Design Files\Power EPS EAGLE files - 9-1-2021\Power EPS EAGLE files - 9-1-2021\eagle library\TPS54339EDDAR.lbr
    Analyzing data of C:\Users\Erick-School\Desktop\Obsidian Knowledge\Engineering\UCI\UCI CubeSat\EPS Design Files-20231013T040814Z-001\EPS Design Files\Power EPS EAGLE files - 9-1-2021\Power EPS EAGLE files - 9-1-2021\eagle library\TPS54339EDDAR.lbr
    Load settings
    Load layers 48
    Load library
    Load Library library
    Load Library ""
    Load Packages 3
    Load Symbols 1
    Load DeviceSets 1
EndSection

Section : Analyze Document - C:\Users\Erick-School\Desktop\Obsidian Knowledge\Engineering\UCI\UCI CubeSat\EPS Design Files-20231013T040814Z-001\EPS Design Files\Power EPS EAGLE files - 9-1-2021\Power EPS EAGLE files - 9-1-2021\eagle library\VSSAF3N50-M3_6A.lbr
    Analyzing data of C:\Users\Erick-School\Desktop\Obsidian Knowledge\Engineering\UCI\UCI CubeSat\EPS Design Files-20231013T040814Z-001\EPS Design Files\Power EPS EAGLE files - 9-1-2021\Power EPS EAGLE files - 9-1-2021\eagle library\VSSAF3N50-M3_6A.lbr
    Load settings
    Load layers 46
    Load library
    Load Library library
    Load Library ""
    Load Packages 1
    Load Symbols 1
    Load DeviceSets 1
EndSection

Section : Analyze Document - C:\Users\Erick\Downloads\Power EPS EAGLE files - 9-1-2021\Power EPS EAGLE files - 9-1-2021\UCI EPS 2021-22 Draft 1.brd
    Analyzing data of C:\Users\Erick\Downloads\Power EPS EAGLE files - 9-1-2021\Power EPS EAGLE files - 9-1-2021\UCI EPS 2021-22 Draft 1.brd
    Load settings
    Load layers 50
    Load board
    Load Library "0878311020"
    Load Packages 1
    Load Library "4 pin header replace"
    Load Packages 1
    Load Library "Molex Picolock 4pos"
    Load Packages 1
    Load Library "Cap 1uf"
    Load Packages 2
    Load Library "Cap 10uf"
    Load Packages 1
    Load Library "Cap 100uf 6.3v"
    Load Packages 1
    Load Library "Cap 100uf 16v"
    Load Packages 1
    Load Library "Cap 100p"
    Load Packages 1
    Load Library "header 2"
    Load Packages 1
    Load Library "AC214 zenzer diode replace"
    Load Packages 1
    Load Library "PMEG2005AEA_115"
    Load Packages 1
    Load Library "TC74A0-5.0VCTTR"
    Load Packages 1
    Load Library "SRU8043-220Y"
    Load Packages 1
    Load Library "INA139NA_250"
    Load Packages 1
    Load Library "MCP1416T-E_OT"
    Load Packages 1
    Load Library "FDFS6N548"
    Load Packages 1
    Load Library "FDV305N"
    Load Packages 1
    Load Library "BM10B-GHS-TBT_LF__SN__N_"
    Load Packages 1
    Load Library "header 3"
    Load Packages 1
    Load Library "B82464G4333M"
    Load Packages 1
    Load Library "MOSFET-P"
    Load Packages 1
    Load Library "Res1 1k"
    Load Packages 1
    Load Library "Res1 51k"
    Load Packages 1
    Load Library "Res1-22.1k"
    Load Packages 1
    Load Library "Res1 56k"
    Load Packages 1
    Load Library "Jumper"
    Load Packages 1
    Load Library "Res1-2.7"
    Load Packages 1
    Load Library "Res1 0.05"
    Load Packages 1
    Load Library "Res1 2k"
    Load Packages 1
    Load Library "Res1 10k"
    Load Packages 1
    Load Library "STM32L152R6T6 replace"
    Load Packages 1
    Load Library "TPS54331GDR"
    Load Packages 1
    Load Library "VSSAF3N50-M3_6A"
    Load Packages 1
    Load Library "PMEG6030EVPX"
    Load Packages 1
    Load Library "Cap 0.1uf"
    Load Packages 1
    Load Library "SRR1260-150M"
    Load Packages 1
    ERROR: Unhandled typemfgpreviewcolors
    ERROR: Unhandled typeerrors
EndSection

Section : Analyze Document - C:\Users\Erick-School\Desktop\Obsidian Knowledge\Engineering\UCI\UCI CubeSat\EPS Design Files-20231013T040814Z-001\EPS Design Files\Power EPS EAGLE files - 9-1-2021\Power EPS EAGLE files - 9-1-2021\UCI EPS 2021-22 Draft 1.sch
    Analyzing data of C:\Users\Erick-School\Desktop\Obsidian Knowledge\Engineering\UCI\UCI CubeSat\EPS Design Files-20231013T040814Z-001\EPS Design Files\Power EPS EAGLE files - 9-1-2021\Power EPS EAGLE files - 9-1-2021\UCI EPS 2021-22 Draft 1.sch
    Load settings
    Load layers 64
    Load schematic
    Load Libraries 39
    Load Library "TC74A0-5.0VCTTR"
    Load Packages 1
    Load Symbols 1
    Load DeviceSets 1
    Load Library "4 pin header replace"
    Load Packages 1
    Load Symbols 1
    Load DeviceSets 1
    Load Library "Cap 1uf"
    Load Packages 3
    Load Symbols 1
    Load DeviceSets 1
    Load Library "header 3"
    Load Packages 1
    Load Symbols 1
    Load DeviceSets 1
    Load Library "Res1-22.1k"
    Load Packages 1
    Load Symbols 1
    Load DeviceSets 1
    Load Library "header 2"
    Load Packages 1
    Load Symbols 1
    Load DeviceSets 1
    Load Library "INA139NA_250"
    Load Packages 1
    Load Symbols 1
    Load DeviceSets 1
    Load Library "Res1 1k"
    Load Packages 1
    Load Symbols 1
    Load DeviceSets 1
    Load Library "Res1 56k"
    Load Packages 1
    Load Symbols 1
    Load DeviceSets 1
    Load Library "Cap 10uf"
    Load Packages 1
    Load Symbols 1
    Load DeviceSets 1
    Load Library "Res1-2.7"
    Load Packages 1
    Load Symbols 1
    Load DeviceSets 1
    Load Library "Res1 0.05"
    Load Packages 1
    Load Symbols 1
    Load DeviceSets 1
    Load Library "Cap 100uf 6.3v"
    Load Packages 3
    Load Symbols 1
    Load DeviceSets 1
    Load Library "MCP1416T-E_OT"
    Load Packages 1
    Load Symbols 1
    Load DeviceSets 1
    Load Library "Cap 100uf 16v"
    Load Packages 1
    Load Symbols 1
    Load DeviceSets 1
    Load Library "MOSFET-P"
    Load Packages 1
    Load Symbols 1
    Load DeviceSets 1
    Load Library "Res1 10k"
    Load Packages 1
    Load Symbols 1
    Load DeviceSets 1
    Load Library "BM10B-GHS-TBT_LF__SN__N_"
    Load Packages 1
    Load Symbols 1
    Load DeviceSets 1
    Load Library "Jumper"
    Load Packages 1
    Load Symbols 1
    Load DeviceSets 1
    Load Library "FDFS6N548"
    Load Packages 1
    Load Symbols 1
    Load DeviceSets 1
    Load Library "B82464G4333M"
    Load Packages 1
    Load Symbols 1
    Load DeviceSets 1
    Load Library "SRU8043-220Y"
    Load Packages 1
    Load Symbols 1
    Load DeviceSets 1
    Load Library "Res1 51k"
    Load Packages 1
    Load Symbols 1
    Load DeviceSets 1
    Load Library "supply2"
    Load Packages 0
    Load Symbols 1
    Load DeviceSets 1
    Load Library "supply1"
    Load Packages 0
    Load Symbols 2
    Load DeviceSets 2
    Load Library "AC214 zenzer diode replace"
    Load Packages 1
    Load Symbols 1
    Load DeviceSets 1
    Load Library "Cap 100p"
    Load Packages 1
    Load Symbols 1
    Load DeviceSets 1
    Load Library "PMEG2005AEA_115"
    Load Packages 1
    Load Symbols 1
    Load DeviceSets 1
    Load Library "FDV305N"
    Load Packages 1
    Load Symbols 1
    Load DeviceSets 1
    Load Library "frames"
    Load Packages 0
    Load Symbols 2
    Load DeviceSets 1
    Load Library "Res1 2k"
    Load Packages 1
    Load Symbols 1
    Load DeviceSets 1
    Load Library "Cap 0.1uf"
    Load Packages 3
    Load Symbols 1
    Load DeviceSets 1
    Load Library "TPS54331GDR"
    Load Packages 1
    Load Symbols 1
    Load DeviceSets 1
    Load Library "VSSAF3N50-M3_6A"
    Load Packages 1
    Load Symbols 1
    Load DeviceSets 1
    Load Library "PMEG6030EVPX"
    Load Packages 1
    Load Symbols 1
    Load DeviceSets 1
    Load Library "SRR1260-150M"
    Load Packages 1
    Load Symbols 1
    Load DeviceSets 1
    Load Library "STM32L152R6T6 replace"
    Load Packages 1
    Load Symbols 1
    Load DeviceSets 1
    Load Library "Molex Picolock 4pos"
    Load Packages 1
    Load Symbols 1
    Load DeviceSets 1
    Load Library "0878311020"
    Load Packages 1
    Load Symbols 1
    Load DeviceSets 1
    Load Attributes 0
    Load Classes 1
    Load Parts 361
    Load Sheets 7
    ERROR: Unhandled typedescription
    ERROR: Unhandled type <errors>
EndSection
